<?xml version="1.0" encoding="utf-8"?><testsuites name="pytest tests"><testsuite name="pytest" errors="0" failures="0" skipped="0" tests="14" time="2.903" timestamp="2026-04-18T14:13:52.572062+00:00" hostname="agent-env-776b24e4-ad1c-4488-9d6f-fa3d19ae3e0b"><testcase classname="backend.tests.test_jotec.TestProducts" name="test_list_products_returns_200" time="0.380" /><testcase classname="backend.tests.test_jotec.TestProducts" name="test_list_products_count" time="0.192" /><testcase classname="backend.tests.test_jotec.TestProducts" name="test_list_products_fields" time="0.164" /><testcase classname="backend.tests.test_jotec.TestProducts" name="test_get_product_by_slug[speed-editor]" time="0.144" /><testcase classname="backend.tests.test_jotec.TestProducts" name="test_get_product_by_slug[replay-editor]" time="0.161" /><testcase classname="backend.tests.test_jotec.TestProducts" name="test_get_product_by_slug[editor-keyboard]" time="0.200" /><testcase classname="backend.tests.test_jotec.TestProducts" name="test_get_product_by_slug[micro-color-panel]" time="0.148" /><testcase classname="backend.tests.test_jotec.TestProducts" name="test_get_product_by_slug[mini-panel]" time="0.144" /><testcase classname="backend.tests.test_jotec.TestProducts" name="test_get_product_unknown_slug_returns_404" time="0.186" /><testcase classname="backend.tests.test_jotec.TestInquiries" name="test_create_inquiry_valid" time="0.131" /><testcase classname="backend.tests.test_jotec.TestInquiries" name="test_create_inquiry_invalid_email" time="0.120" /><testcase classname="backend.tests.test_jotec.TestInquiries" name="test_create_inquiry_missing_required_fields" time="0.149" /><testcase classname="backend.tests.test_jotec.TestInquiries" name="test_list_inquiries" time="0.171" /><testcase classname="backend.tests.test_jotec.TestInquiries" name="test_list_inquiries_no_mongo_id" time="0.181" /></testsuite></testsuites>